This is pdfTeX, Version 3.14159265-2.6-1.40.16 (TeX Live 2015/W32TeX) (preloaded format=pdflatex 2017.7.14)  23 OCT 2017 16:44
entering extended mode
 restricted \write18 enabled.
 %&-line parsing enabled.
**./captcha.tex
(./captcha.tex
LaTeX2e <2015/01/01>
Babel <3.9l> and hyphenation patterns for 79 languages loaded.
(./IEEEtran.cls
Document Class: IEEEtran 2012/11/21 V1.8c by Harald Hanche-Olsen and Anders Chr
istensen
-- Based on V1.7a by Michael Shell
-- See the "IEEEtran_HOWTO" manual for usage information.
-- http://www.michaelshell.org/tex/ieeetran/
\@IEEEtrantmpdimenA=\dimen102
\@IEEEtrantmpdimenB=\dimen103
\@IEEEtrantmpcountA=\count79
\@IEEEtrantmpcountB=\count80
\@IEEEtrantmptoksA=\toks14
LaTeX Font Info:    Try loading font information for OT1+ptm on input line 375.

(d:/texlive/2015/texmf-dist/tex/latex/psnfss/ot1ptm.fd
File: ot1ptm.fd 2001/06/04 font definitions for OT1/ptm.
)
-- Using 8.5in x 11in (letter) paper.
-- Using PDF output.
\@IEEEnormalsizeunitybaselineskip=\dimen104
-- This is a 10 point document.
\CLASSINFOnormalsizebaselineskip=\dimen105
\CLASSINFOnormalsizeunitybaselineskip=\dimen106
\IEEEnormaljot=\dimen107
LaTeX Font Info:    Font shape `OT1/ptm/bx/n' in size <5> not available
(Font)              Font shape `OT1/ptm/b/n' tried instead on input line 733.
LaTeX Font Info:    Font shape `OT1/ptm/bx/it' in size <5> not available
(Font)              Font shape `OT1/ptm/b/it' tried instead on input line 733.
LaTeX Font Info:    Font shape `OT1/ptm/bx/n' in size <7> not available
(Font)              Font shape `OT1/ptm/b/n' tried instead on input line 733.
LaTeX Font Info:    Font shape `OT1/ptm/bx/it' in size <7> not available
(Font)              Font shape `OT1/ptm/b/it' tried instead on input line 733.
LaTeX Font Info:    Font shape `OT1/ptm/bx/n' in size <8> not available
(Font)              Font shape `OT1/ptm/b/n' tried instead on input line 733.
LaTeX Font Info:    Font shape `OT1/ptm/bx/it' in size <8> not available
(Font)              Font shape `OT1/ptm/b/it' tried instead on input line 733.
LaTeX Font Info:    Font shape `OT1/ptm/bx/n' in size <9> not available
(Font)              Font shape `OT1/ptm/b/n' tried instead on input line 733.
LaTeX Font Info:    Font shape `OT1/ptm/bx/it' in size <9> not available
(Font)              Font shape `OT1/ptm/b/it' tried instead on input line 733.
LaTeX Font Info:    Font shape `OT1/ptm/bx/n' in size <10> not available
(Font)              Font shape `OT1/ptm/b/n' tried instead on input line 733.
LaTeX Font Info:    Font shape `OT1/ptm/bx/it' in size <10> not available
(Font)              Font shape `OT1/ptm/b/it' tried instead on input line 733.
LaTeX Font Info:    Font shape `OT1/ptm/bx/n' in size <11> not available
(Font)              Font shape `OT1/ptm/b/n' tried instead on input line 733.
LaTeX Font Info:    Font shape `OT1/ptm/bx/it' in size <11> not available
(Font)              Font shape `OT1/ptm/b/it' tried instead on input line 733.
LaTeX Font Info:    Font shape `OT1/ptm/bx/n' in size <12> not available
(Font)              Font shape `OT1/ptm/b/n' tried instead on input line 733.
LaTeX Font Info:    Font shape `OT1/ptm/bx/it' in size <12> not available
(Font)              Font shape `OT1/ptm/b/it' tried instead on input line 733.
LaTeX Font Info:    Font shape `OT1/ptm/bx/n' in size <17> not available
(Font)              Font shape `OT1/ptm/b/n' tried instead on input line 733.
LaTeX Font Info:    Font shape `OT1/ptm/bx/it' in size <17> not available
(Font)              Font shape `OT1/ptm/b/it' tried instead on input line 733.
LaTeX Font Info:    Font shape `OT1/ptm/bx/n' in size <20> not available
(Font)              Font shape `OT1/ptm/b/n' tried instead on input line 733.
LaTeX Font Info:    Font shape `OT1/ptm/bx/it' in size <20> not available
(Font)              Font shape `OT1/ptm/b/it' tried instead on input line 733.
LaTeX Font Info:    Font shape `OT1/ptm/bx/n' in size <24> not available
(Font)              Font shape `OT1/ptm/b/n' tried instead on input line 733.
LaTeX Font Info:    Font shape `OT1/ptm/bx/it' in size <24> not available
(Font)              Font shape `OT1/ptm/b/it' tried instead on input line 733.
\IEEEilabelindentA=\dimen108
\IEEEilabelindentB=\dimen109
\IEEEilabelindent=\dimen110
\IEEEelabelindent=\dimen111
\IEEEdlabelindent=\dimen112
\IEEElabelindent=\dimen113
\IEEEiednormlabelsep=\dimen114
\IEEEiedmathlabelsep=\dimen115
\IEEEiedtopsep=\skip41
\c@section=\count81
\c@subsection=\count82
\c@subsubsection=\count83
\c@paragraph=\count84
\c@IEEEsubequation=\count85
\abovecaptionskip=\skip42
\belowcaptionskip=\skip43
\c@figure=\count86
\c@table=\count87
\@IEEEeqnnumcols=\count88
\@IEEEeqncolcnt=\count89
\@IEEEtmpitemindent=\dimen116
\c@IEEEbiography=\count90
\@IEEEtranrubishbin=\box26
) (d:/texlive/2015/texmf-dist/tex/generic/babel/babel.sty
Package: babel 2014/09/25 3.9l The Babel package

(d:/texlive/2015/texmf-dist/tex/generic/babel-english/english.ldf
Language: english 2012/08/20 v3.3p English support from the babel system

(d:/texlive/2015/texmf-dist/tex/generic/babel/babel.def
File: babel.def 2014/09/25 3.9l Babel common definitions
\babel@savecnt=\count91
\U@D=\dimen117
)
\l@canadian = a dialect from \language\l@american 
\l@australian = a dialect from \language\l@british 
\l@newzealand = a dialect from \language\l@british 
)
(d:/texlive/2015/texmf-dist/tex/generic/babel-english/english.ldf
Language: english 2012/08/20 v3.3p English support from the babel system
))

Package Babel Warning: The package option `english' should not be used
(Babel)                with a more specific one (like `american') on input line
 8.

(d:/texlive/2015/texmf-dist/tex/latex/graphics/graphicx.sty
Package: graphicx 2014/10/28 v1.0g Enhanced LaTeX Graphics (DPC,SPQR)

(d:/texlive/2015/texmf-dist/tex/latex/graphics/keyval.sty
Package: keyval 2014/10/28 v1.15 key=value parser (DPC)
\KV@toks@=\toks15
)
(d:/texlive/2015/texmf-dist/tex/latex/graphics/graphics.sty
Package: graphics 2014/10/28 v1.0p Standard LaTeX Graphics (DPC,SPQR)

(d:/texlive/2015/texmf-dist/tex/latex/graphics/trig.sty
Package: trig 1999/03/16 v1.09 sin cos tan (DPC)
)
(d:/texlive/2015/texmf-dist/tex/latex/latexconfig/graphics.cfg
File: graphics.cfg 2010/04/23 v1.9 graphics configuration of TeX Live
)
Package graphics Info: Driver file: pdftex.def on input line 94.

(d:/texlive/2015/texmf-dist/tex/latex/pdftex-def/pdftex.def
File: pdftex.def 2011/05/27 v0.06d Graphics/color for pdfTeX

(d:/texlive/2015/texmf-dist/tex/generic/oberdiek/infwarerr.sty
Package: infwarerr 2010/04/08 v1.3 Providing info/warning/error messages (HO)
)
(d:/texlive/2015/texmf-dist/tex/generic/oberdiek/ltxcmds.sty
Package: ltxcmds 2011/11/09 v1.22 LaTeX kernel commands for general use (HO)
)
\Gread@gobject=\count92
))
\Gin@req@height=\dimen118
\Gin@req@width=\dimen119
)
(d:/texlive/2015/texmf-dist/tex/latex/subfigure/subfigure.sty
Package: subfigure 2002/03/15 v2.1.5 subfigure package
\subfigtopskip=\skip44
\subfigcapskip=\skip45
\subfigcaptopadj=\dimen120
\subfigbottomskip=\skip46
\subfigcapmargin=\dimen121
\subfiglabelskip=\skip47
\c@subfigure=\count93
\c@lofdepth=\count94
\c@subtable=\count95
\c@lotdepth=\count96

****************************************
* Local config file subfigure.cfg used *
****************************************
(d:/texlive/2015/texmf-dist/tex/latex/subfigure/subfigure.cfg)
\subfig@top=\skip48
\subfig@bottom=\skip49
)
(d:/texlive/2015/texmf-dist/tex/latex/amsmath/amsmath.sty
Package: amsmath 2013/01/14 v2.14 AMS math features
\@mathmargin=\skip50

For additional information on amsmath, use the `?' option.
(d:/texlive/2015/texmf-dist/tex/latex/amsmath/amstext.sty
Package: amstext 2000/06/29 v2.01

(d:/texlive/2015/texmf-dist/tex/latex/amsmath/amsgen.sty
File: amsgen.sty 1999/11/30 v2.0
\@emptytoks=\toks16
\ex@=\dimen122
))
(d:/texlive/2015/texmf-dist/tex/latex/amsmath/amsbsy.sty
Package: amsbsy 1999/11/29 v1.2d
\pmbraise@=\dimen123
)
(d:/texlive/2015/texmf-dist/tex/latex/amsmath/amsopn.sty
Package: amsopn 1999/12/14 v2.01 operator names
)
\inf@bad=\count97
LaTeX Info: Redefining \frac on input line 210.
\uproot@=\count98
\leftroot@=\count99
LaTeX Info: Redefining \overline on input line 306.
\classnum@=\count100
\DOTSCASE@=\count101
LaTeX Info: Redefining \ldots on input line 378.
LaTeX Info: Redefining \dots on input line 381.
LaTeX Info: Redefining \cdots on input line 466.
\Mathstrutbox@=\box27
\strutbox@=\box28
\big@size=\dimen124
LaTeX Font Info:    Redeclaring font encoding OML on input line 566.
LaTeX Font Info:    Redeclaring font encoding OMS on input line 567.
\macc@depth=\count102
\c@MaxMatrixCols=\count103
\dotsspace@=\muskip10
\c@parentequation=\count104
\dspbrk@lvl=\count105
\tag@help=\toks17
\row@=\count106
\column@=\count107
\maxfields@=\count108
\andhelp@=\toks18
\eqnshift@=\dimen125
\alignsep@=\dimen126
\tagshift@=\dimen127
\tagwidth@=\dimen128
\totwidth@=\dimen129
\lineht@=\dimen130
\@envbody=\toks19
\multlinegap=\skip51
\multlinetaggap=\skip52
\mathdisplay@stack=\toks20
LaTeX Info: Redefining \[ on input line 2665.
LaTeX Info: Redefining \] on input line 2666.
)
(d:/texlive/2015/texmf-dist/tex/latex/multirow/multirow.sty
\bigstrutjot=\dimen131
)
(d:/texlive/2015/texmf-dist/tex/latex/tools/multicol.sty
Package: multicol 2015/03/31 v1.8m multicolumn formatting (FMi)
\c@tracingmulticols=\count109
\mult@box=\box29
\multicol@leftmargin=\dimen132
\c@unbalance=\count110
\c@collectmore=\count111
\doublecol@number=\count112
\multicoltolerance=\count113
\multicolpretolerance=\count114
\full@width=\dimen133
\page@free=\dimen134
\premulticols=\dimen135
\postmulticols=\dimen136
\multicolsep=\skip53
\multicolbaselineskip=\skip54
\partial@page=\box30
\last@line=\box31
\maxbalancingoverflow=\dimen137
\mult@rightbox=\box32
\mult@grightbox=\box33
\mult@gfirstbox=\box34
\mult@firstbox=\box35
\@tempa=\box36
\@tempa=\box37
\@tempa=\box38
\@tempa=\box39
\@tempa=\box40
\@tempa=\box41
\@tempa=\box42
\@tempa=\box43
\@tempa=\box44
\@tempa=\box45
\@tempa=\box46
\@tempa=\box47
\@tempa=\box48
\@tempa=\box49
\@tempa=\box50
\@tempa=\box51
\@tempa=\box52
\c@columnbadness=\count115
\c@finalcolumnbadness=\count116
\last@try=\dimen138
\multicolovershoot=\dimen139
\multicolundershoot=\dimen140
\mult@nat@firstbox=\box53
\colbreak@box=\box54
\mc@col@check@num=\count117
)
(d:/texlive/2015/texmf-dist/tex/latex/float/float.sty
Package: float 2001/11/08 v1.3d Float enhancements (AL)
\c@float@type=\count118
\float@exts=\toks21
\float@box=\box55
\@float@everytoks=\toks22
\@floatcapt=\box56
)
(d:/texlive/2015/texmf-dist/tex/latex/algorithms/algorithm.sty
Package: algorithm 2009/08/24 v0.1 Document Style `algorithm' - floating enviro
nment

(d:/texlive/2015/texmf-dist/tex/latex/base/ifthen.sty
Package: ifthen 2014/09/29 v1.1c Standard LaTeX ifthen package (DPC)
)
\@float@every@algorithm=\toks23
\c@algorithm=\count119
)
(d:/texlive/2015/texmf-dist/tex/latex/algorithms/algorithmic.sty
Package: algorithmic 2009/08/24 v0.1 Document Style `algorithmic'
\c@ALC@unique=\count120
\c@ALC@line=\count121
\c@ALC@rem=\count122
\c@ALC@depth=\count123
\ALC@tlm=\skip55
\algorithmicindent=\skip56
)
(d:/texlive/2015/texmf-dist/tex/latex/hyperref/hyperref.sty
Package: hyperref 2012/11/06 v6.83m Hypertext links for LaTeX

(d:/texlive/2015/texmf-dist/tex/generic/oberdiek/hobsub-hyperref.sty
Package: hobsub-hyperref 2012/05/28 v1.13 Bundle oberdiek, subset hyperref (HO)


(d:/texlive/2015/texmf-dist/tex/generic/oberdiek/hobsub-generic.sty
Package: hobsub-generic 2012/05/28 v1.13 Bundle oberdiek, subset generic (HO)
Package: hobsub 2012/05/28 v1.13 Construct package bundles (HO)
Package hobsub Info: Skipping package `infwarerr' (already loaded).
Package hobsub Info: Skipping package `ltxcmds' (already loaded).
Package: ifluatex 2010/03/01 v1.3 Provides the ifluatex switch (HO)
Package ifluatex Info: LuaTeX not detected.
Package: ifvtex 2010/03/01 v1.5 Detect VTeX and its facilities (HO)
Package ifvtex Info: VTeX not detected.
Package: intcalc 2007/09/27 v1.1 Expandable calculations with integers (HO)
Package: ifpdf 2011/01/30 v2.3 Provides the ifpdf switch (HO)
Package ifpdf Info: pdfTeX in PDF mode is detected.
Package: etexcmds 2011/02/16 v1.5 Avoid name clashes with e-TeX commands (HO)
Package etexcmds Info: Could not find \expanded.
(etexcmds)             That can mean that you are not using pdfTeX 1.50 or
(etexcmds)             that some package has redefined \expanded.
(etexcmds)             In the latter case, load this package earlier.
Package: kvsetkeys 2012/04/25 v1.16 Key value parser (HO)
Package: kvdefinekeys 2011/04/07 v1.3 Define keys (HO)
Package: pdftexcmds 2011/11/29 v0.20 Utility functions of pdfTeX for LuaTeX (HO
)
Package pdftexcmds Info: LuaTeX not detected.
Package pdftexcmds Info: \pdf@primitive is available.
Package pdftexcmds Info: \pdf@ifprimitive is available.
Package pdftexcmds Info: \pdfdraftmode found.
Package: pdfescape 2011/11/25 v1.13 Implements pdfTeX's escape features (HO)
Package: bigintcalc 2012/04/08 v1.3 Expandable calculations on big integers (HO
)
Package: bitset 2011/01/30 v1.1 Handle bit-vector datatype (HO)
Package: uniquecounter 2011/01/30 v1.2 Provide unlimited unique counter (HO)
)
Package hobsub Info: Skipping package `hobsub' (already loaded).
Package: letltxmacro 2010/09/02 v1.4 Let assignment for LaTeX macros (HO)
Package: hopatch 2012/05/28 v1.2 Wrapper for package hooks (HO)
Package: xcolor-patch 2011/01/30 xcolor patch
Package: atveryend 2011/06/30 v1.8 Hooks at the very end of document (HO)
Package atveryend Info: \enddocument detected (standard20110627).
Package: atbegshi 2011/10/05 v1.16 At begin shipout hook (HO)
Package: refcount 2011/10/16 v3.4 Data extraction from label references (HO)
Package: hycolor 2011/01/30 v1.7 Color options for hyperref/bookmark (HO)
)
(d:/texlive/2015/texmf-dist/tex/generic/ifxetex/ifxetex.sty
Package: ifxetex 2010/09/12 v0.6 Provides ifxetex conditional
)
(d:/texlive/2015/texmf-dist/tex/latex/oberdiek/auxhook.sty
Package: auxhook 2011/03/04 v1.3 Hooks for auxiliary files (HO)
)
(d:/texlive/2015/texmf-dist/tex/latex/oberdiek/kvoptions.sty
Package: kvoptions 2011/06/30 v3.11 Key value format for package options (HO)
)
\@linkdim=\dimen141
\Hy@linkcounter=\count124
\Hy@pagecounter=\count125

(d:/texlive/2015/texmf-dist/tex/latex/hyperref/pd1enc.def
File: pd1enc.def 2012/11/06 v6.83m Hyperref: PDFDocEncoding definition (HO)
)
\Hy@SavedSpaceFactor=\count126

(d:/texlive/2015/texmf-dist/tex/latex/latexconfig/hyperref.cfg
File: hyperref.cfg 2002/06/06 v1.2 hyperref configuration of TeXLive
)
Package hyperref Info: Option `colorlinks' set `true' on input line 4319.
Package hyperref Info: Hyper figures OFF on input line 4443.
Package hyperref Info: Link nesting OFF on input line 4448.
Package hyperref Info: Hyper index ON on input line 4451.
Package hyperref Info: Plain pages OFF on input line 4458.
Package hyperref Info: Backreferencing OFF on input line 4463.
Package hyperref Info: Implicit mode ON; LaTeX internals redefined.
Package hyperref Info: Bookmarks ON on input line 4688.
\c@Hy@tempcnt=\count127

(d:/texlive/2015/texmf-dist/tex/latex/url/url.sty
\Urlmuskip=\muskip11
Package: url 2013/09/16  ver 3.4  Verb mode for urls, etc.
)
LaTeX Info: Redefining \url on input line 5041.
\XeTeXLinkMargin=\dimen142
\Fld@menulength=\count128
\Field@Width=\dimen143
\Fld@charsize=\dimen144
Package hyperref Info: Hyper figures OFF on input line 6295.
Package hyperref Info: Link nesting OFF on input line 6300.
Package hyperref Info: Hyper index ON on input line 6303.
Package hyperref Info: backreferencing OFF on input line 6310.
Package hyperref Info: Link coloring ON on input line 6313.
Package hyperref Info: Link coloring with OCG OFF on input line 6320.
Package hyperref Info: PDF/A mode OFF on input line 6325.
LaTeX Info: Redefining \ref on input line 6365.
LaTeX Info: Redefining \pageref on input line 6369.
\Hy@abspage=\count129
\c@Item=\count130
\c@Hfootnote=\count131
)

Package hyperref Message: Driver (autodetected): hpdftex.

(d:/texlive/2015/texmf-dist/tex/latex/hyperref/hpdftex.def
File: hpdftex.def 2012/11/06 v6.83m Hyperref driver for pdfTeX
\Fld@listcount=\count132
\c@bookmark@seq@number=\count133

(d:/texlive/2015/texmf-dist/tex/latex/oberdiek/rerunfilecheck.sty
Package: rerunfilecheck 2011/04/15 v1.7 Rerun checks for auxiliary files (HO)
Package uniquecounter Info: New unique counter `rerunfilecheck' on input line 2
82.
)
\Hy@SectionHShift=\skip57
)
(d:/texlive/2015/texmf-dist/tex/latex/cite/cite.sty
LaTeX Info: Redefining \cite on input line 302.
LaTeX Info: Redefining \nocite on input line 332.
Package: cite 2015/02/27  v 5.5
)
(d:/texlive/2015/texmf-dist/tex/latex/preprint/balance.sty
Package: balance 1999/02/23 4.3 (PWD)
\oldvsize=\dimen145
)
(d:/texlive/2015/texmf-dist/tex/latex/graphics/color.sty
Package: color 2014/10/28 v1.1a Standard LaTeX Color (DPC)

(d:/texlive/2015/texmf-dist/tex/latex/latexconfig/color.cfg
File: color.cfg 2007/01/18 v1.5 color configuration of teTeX/TeXLive
)
Package color Info: Driver file: pdftex.def on input line 142.
)
(d:/texlive/2015/texmf-dist/tex/latex/natbib/natbib.sty
Package: natbib 2010/09/13 8.31b (PWD, AO)


Package natbib Warning: The `cite' package should not be used
(natbib)                with natbib. Use option `sort' instead.

\bibhang=\skip58
\bibsep=\skip59
LaTeX Info: Redefining \cite on input line 694.
LaTeX Info: Redefining \citenum on input line 708.
\c@NAT@ctr=\count134
) (d:/texlive/2015/texmf-dist/tex/latex/diagbox/diagbox.sty
Package: diagbox 2011/11/23 v2.0 Making table heads with diagonal lines

(d:/texlive/2015/texmf-dist/tex/latex/pict2e/pict2e.sty
Package: pict2e 2014/01/12 v0.2z Improved picture commands (HjG,RN,JT)

(d:/texlive/2015/texmf-dist/tex/latex/pict2e/pict2e.cfg
File: pict2e.cfg 2011/04/05 v0.1t pict2e configuration for teTeX/TeXLive
)
Package pict2e Info: Driver file: pdftex.def on input line 119.
Package pict2e Info: Driver file for pict2e: p2e-pdftex.def on input line 121.

(d:/texlive/2015/texmf-dist/tex/latex/pict2e/p2e-pdftex.def
File: p2e-pdftex.def 2011/04/05 v0.1t Driver-dependant file (RN,HjG,JT)
)
\pIIe@GRAPH=\toks24
\@arclen=\dimen146
\@arcrad=\dimen147
\@tempdimd=\dimen148
)
(d:/texlive/2015/texmf-dist/tex/latex/fp/fp.sty
Package: fp 1995/04/02

`Fixed Point Package', Version 0.8, April 2, 1995 (C) Michael Mehlich
(d:/texlive/2015/texmf-dist/tex/latex/fp/defpattern.sty
Package: defpattern 1994/10/12
\actioncount=\count135
)
(d:/texlive/2015/texmf-dist/tex/latex/fp/fp-basic.sty
Package: fp-basic 1996/05/13
\FP@xs=\count136
\FP@xia=\count137
\FP@xib=\count138
\FP@xfa=\count139
\FP@xfb=\count140
\FP@rega=\count141
\FP@regb=\count142
\FP@regs=\count143
\FP@times=\count144
)
(d:/texlive/2015/texmf-dist/tex/latex/fp/fp-addons.sty
Package: fp-addons 1995/03/15
)
(d:/texlive/2015/texmf-dist/tex/latex/fp/fp-snap.sty
Package: fp-snap 1995/04/05
)
(d:/texlive/2015/texmf-dist/tex/latex/fp/fp-exp.sty
Package: fp-exp 1995/04/03
)
(d:/texlive/2015/texmf-dist/tex/latex/fp/fp-trigo.sty
Package: fp-trigo 1995/04/14
)
(d:/texlive/2015/texmf-dist/tex/latex/fp/fp-pas.sty
Package: fp-pas 1994/08/29
)
(d:/texlive/2015/texmf-dist/tex/latex/fp/fp-random.sty
Package: fp-random 1995/02/23
\FPseed=\count145
)
(d:/texlive/2015/texmf-dist/tex/latex/fp/fp-eqn.sty
Package: fp-eqn 1995/04/03
)
(d:/texlive/2015/texmf-dist/tex/latex/fp/fp-upn.sty
Package: fp-upn 1996/10/21
)
(d:/texlive/2015/texmf-dist/tex/latex/fp/fp-eval.sty
Package: fp-eval 1995/04/03
))
\diagbox@boxa=\box57
\diagbox@boxb=\box58
\diagbox@boxm=\box59
\diagbox@wd=\dimen149
\diagbox@ht=\dimen150
\diagbox@sepl=\dimen151
\diagbox@sepr=\dimen152
)
(d:/texlive/2015/texmf-dist/tex/latex/tools/enumerate.sty
Package: enumerate 2014/10/28 v3.00 enumerate extensions (DPC)
\@enLab=\toks25
)
(d:/texlive/2015/texmf-dist/tex/latex/setspace/setspace.sty
Package: setspace 2011/12/19 v6.7a set line spacing
)
(d:/texlive/2015/texmf-dist/tex/latex/enumitem/enumitem.sty
Package: enumitem 2011/09/28 v3.5.2 Customized lists
\labelindent=\skip60
\enit@outerparindent=\dimen153
\enit@toks=\toks26
\enit@inbox=\box60
\enitdp@description=\count146
)
(d:/texlive/2015/texmf-dist/tex/latex/tools/indentfirst.sty
Package: indentfirst 1995/11/23 v1.03 Indent first paragraph (DPC)
)
(d:/texlive/2015/texmf-dist/tex/latex/booktabs/booktabs.sty
Package: booktabs 2005/04/14 v1.61803 publication quality tables
\heavyrulewidth=\dimen154
\lightrulewidth=\dimen155
\cmidrulewidth=\dimen156
\belowrulesep=\dimen157
\belowbottomsep=\dimen158
\aboverulesep=\dimen159
\abovetopsep=\dimen160
\cmidrulesep=\dimen161
\cmidrulekern=\dimen162
\defaultaddspace=\dimen163
\@cmidla=\count147
\@cmidlb=\count148
\@aboverulesep=\dimen164
\@belowrulesep=\dimen165
\@thisruleclass=\count149
\@lastruleclass=\count150
\@thisrulewidth=\dimen166
)
(d:/texlive/2015/texmf-dist/tex/latex/pgf/frontendlayer/tikz.sty
(d:/texlive/2015/texmf-dist/tex/latex/pgf/basiclayer/pgf.sty
(d:/texlive/2015/texmf-dist/tex/latex/pgf/utilities/pgfrcs.sty
(d:/texlive/2015/texmf-dist/tex/generic/pgf/utilities/pgfutil-common.tex
\pgfutil@everybye=\toks27
\pgfutil@tempdima=\dimen167
\pgfutil@tempdimb=\dimen168

(d:/texlive/2015/texmf-dist/tex/generic/pgf/utilities/pgfutil-common-lists.tex)
) (d:/texlive/2015/texmf-dist/tex/generic/pgf/utilities/pgfutil-latex.def
\pgfutil@abb=\box61

(d:/texlive/2015/texmf-dist/tex/latex/ms/everyshi.sty
Package: everyshi 2001/05/15 v3.00 EveryShipout Package (MS)
))
(d:/texlive/2015/texmf-dist/tex/generic/pgf/utilities/pgfrcs.code.tex
Package: pgfrcs 2013/12/20 v3.0.0 (rcs-revision 1.28)
))
Package: pgf 2013/12/18 v3.0.0 (rcs-revision 1.14)

(d:/texlive/2015/texmf-dist/tex/latex/pgf/basiclayer/pgfcore.sty
(d:/texlive/2015/texmf-dist/tex/latex/pgf/systemlayer/pgfsys.sty
(d:/texlive/2015/texmf-dist/tex/generic/pgf/systemlayer/pgfsys.code.tex
Package: pgfsys 2013/11/30 v3.0.0 (rcs-revision 1.47)

(d:/texlive/2015/texmf-dist/tex/generic/pgf/utilities/pgfkeys.code.tex
\pgfkeys@pathtoks=\toks28
\pgfkeys@temptoks=\toks29

(d:/texlive/2015/texmf-dist/tex/generic/pgf/utilities/pgfkeysfiltered.code.tex
\pgfkeys@tmptoks=\toks30
))
\pgf@x=\dimen169
\pgf@y=\dimen170
\pgf@xa=\dimen171
\pgf@ya=\dimen172
\pgf@xb=\dimen173
\pgf@yb=\dimen174
\pgf@xc=\dimen175
\pgf@yc=\dimen176
\w@pgf@writea=\write3
\r@pgf@reada=\read1
\c@pgf@counta=\count151
\c@pgf@countb=\count152
\c@pgf@countc=\count153
\c@pgf@countd=\count154
\t@pgf@toka=\toks31
\t@pgf@tokb=\toks32
\t@pgf@tokc=\toks33
 (d:/texlive/2015/texmf-dist/tex/generic/pgf/systemlayer/pgf.cfg
File: pgf.cfg 2008/05/14  (rcs-revision 1.7)
)
Driver file for pgf: pgfsys-pdftex.def

(d:/texlive/2015/texmf-dist/tex/generic/pgf/systemlayer/pgfsys-pdftex.def
File: pgfsys-pdftex.def 2013/07/18  (rcs-revision 1.33)

(d:/texlive/2015/texmf-dist/tex/generic/pgf/systemlayer/pgfsys-common-pdf.def
File: pgfsys-common-pdf.def 2013/10/10  (rcs-revision 1.13)
)))
(d:/texlive/2015/texmf-dist/tex/generic/pgf/systemlayer/pgfsyssoftpath.code.tex
File: pgfsyssoftpath.code.tex 2013/09/09  (rcs-revision 1.9)
\pgfsyssoftpath@smallbuffer@items=\count155
\pgfsyssoftpath@bigbuffer@items=\count156
)
(d:/texlive/2015/texmf-dist/tex/generic/pgf/systemlayer/pgfsysprotocol.code.tex
File: pgfsysprotocol.code.tex 2006/10/16  (rcs-revision 1.4)
)) (d:/texlive/2015/texmf-dist/tex/latex/xcolor/xcolor.sty
Package: xcolor 2007/01/21 v2.11 LaTeX color extensions (UK)

(d:/texlive/2015/texmf-dist/tex/latex/latexconfig/color.cfg
File: color.cfg 2007/01/18 v1.5 color configuration of teTeX/TeXLive
)
Package xcolor Info: Driver file: pdftex.def on input line 225.
LaTeX Info: Redefining \color on input line 702.
Package xcolor Info: Model `cmy' substituted by `cmy0' on input line 1337.
Package xcolor Info: Model `hsb' substituted by `rgb' on input line 1341.
Package xcolor Info: Model `RGB' extended on input line 1353.
Package xcolor Info: Model `HTML' substituted by `rgb' on input line 1355.
Package xcolor Info: Model `Hsb' substituted by `hsb' on input line 1356.
Package xcolor Info: Model `tHsb' substituted by `hsb' on input line 1357.
Package xcolor Info: Model `HSB' substituted by `hsb' on input line 1358.
Package xcolor Info: Model `Gray' substituted by `gray' on input line 1359.
Package xcolor Info: Model `wave' substituted by `hsb' on input line 1360.
)
(d:/texlive/2015/texmf-dist/tex/generic/pgf/basiclayer/pgfcore.code.tex
Package: pgfcore 2010/04/11 v3.0.0 (rcs-revision 1.7)

(d:/texlive/2015/texmf-dist/tex/generic/pgf/math/pgfmath.code.tex
(d:/texlive/2015/texmf-dist/tex/generic/pgf/math/pgfmathcalc.code.tex
(d:/texlive/2015/texmf-dist/tex/generic/pgf/math/pgfmathutil.code.tex)
(d:/texlive/2015/texmf-dist/tex/generic/pgf/math/pgfmathparser.code.tex
\pgfmath@dimen=\dimen177
\pgfmath@count=\count157
\pgfmath@box=\box62
\pgfmath@toks=\toks34
\pgfmath@stack@operand=\toks35
\pgfmath@stack@operation=\toks36
)
(d:/texlive/2015/texmf-dist/tex/generic/pgf/math/pgfmathfunctions.code.tex
(d:/texlive/2015/texmf-dist/tex/generic/pgf/math/pgfmathfunctions.basic.code.te
x)
(d:/texlive/2015/texmf-dist/tex/generic/pgf/math/pgfmathfunctions.trigonometric
.code.tex)
(d:/texlive/2015/texmf-dist/tex/generic/pgf/math/pgfmathfunctions.random.code.t
ex)
(d:/texlive/2015/texmf-dist/tex/generic/pgf/math/pgfmathfunctions.comparison.co
de.tex)
(d:/texlive/2015/texmf-dist/tex/generic/pgf/math/pgfmathfunctions.base.code.tex
)
(d:/texlive/2015/texmf-dist/tex/generic/pgf/math/pgfmathfunctions.round.code.te
x)
(d:/texlive/2015/texmf-dist/tex/generic/pgf/math/pgfmathfunctions.misc.code.tex
)
(d:/texlive/2015/texmf-dist/tex/generic/pgf/math/pgfmathfunctions.integerarithm
etics.code.tex)))
(d:/texlive/2015/texmf-dist/tex/generic/pgf/math/pgfmathfloat.code.tex
\c@pgfmathroundto@lastzeros=\count158
))
(d:/texlive/2015/texmf-dist/tex/generic/pgf/basiclayer/pgfcorepoints.code.tex
File: pgfcorepoints.code.tex 2013/10/07  (rcs-revision 1.27)
\pgf@picminx=\dimen178
\pgf@picmaxx=\dimen179
\pgf@picminy=\dimen180
\pgf@picmaxy=\dimen181
\pgf@pathminx=\dimen182
\pgf@pathmaxx=\dimen183
\pgf@pathminy=\dimen184
\pgf@pathmaxy=\dimen185
\pgf@xx=\dimen186
\pgf@xy=\dimen187
\pgf@yx=\dimen188
\pgf@yy=\dimen189
\pgf@zx=\dimen190
\pgf@zy=\dimen191
)
(d:/texlive/2015/texmf-dist/tex/generic/pgf/basiclayer/pgfcorepathconstruct.cod
e.tex
File: pgfcorepathconstruct.code.tex 2013/10/07  (rcs-revision 1.29)
\pgf@path@lastx=\dimen192
\pgf@path@lasty=\dimen193
)
(d:/texlive/2015/texmf-dist/tex/generic/pgf/basiclayer/pgfcorepathusage.code.te
x
File: pgfcorepathusage.code.tex 2013/12/13  (rcs-revision 1.23)
\pgf@shorten@end@additional=\dimen194
\pgf@shorten@start@additional=\dimen195
)
(d:/texlive/2015/texmf-dist/tex/generic/pgf/basiclayer/pgfcorescopes.code.tex
File: pgfcorescopes.code.tex 2013/10/09  (rcs-revision 1.44)
\pgfpic=\box63
\pgf@hbox=\box64
\pgf@layerbox@main=\box65
\pgf@picture@serial@count=\count159
)
(d:/texlive/2015/texmf-dist/tex/generic/pgf/basiclayer/pgfcoregraphicstate.code
.tex
File: pgfcoregraphicstate.code.tex 2013/09/19  (rcs-revision 1.11)
\pgflinewidth=\dimen196
)
(d:/texlive/2015/texmf-dist/tex/generic/pgf/basiclayer/pgfcoretransformations.c
ode.tex
File: pgfcoretransformations.code.tex 2013/10/10  (rcs-revision 1.17)
\pgf@pt@x=\dimen197
\pgf@pt@y=\dimen198
\pgf@pt@temp=\dimen199
)
(d:/texlive/2015/texmf-dist/tex/generic/pgf/basiclayer/pgfcorequick.code.tex
File: pgfcorequick.code.tex 2008/10/09  (rcs-revision 1.3)
)
(d:/texlive/2015/texmf-dist/tex/generic/pgf/basiclayer/pgfcoreobjects.code.tex
File: pgfcoreobjects.code.tex 2006/10/11  (rcs-revision 1.2)
)
(d:/texlive/2015/texmf-dist/tex/generic/pgf/basiclayer/pgfcorepathprocessing.co
de.tex
File: pgfcorepathprocessing.code.tex 2013/09/09  (rcs-revision 1.9)
)
(d:/texlive/2015/texmf-dist/tex/generic/pgf/basiclayer/pgfcorearrows.code.tex
File: pgfcorearrows.code.tex 2013/11/07  (rcs-revision 1.40)
\pgfarrowsep=\dimen200
)
(d:/texlive/2015/texmf-dist/tex/generic/pgf/basiclayer/pgfcoreshade.code.tex
File: pgfcoreshade.code.tex 2013/07/15  (rcs-revision 1.15)
\pgf@max=\dimen201
\pgf@sys@shading@range@num=\count160
)
(d:/texlive/2015/texmf-dist/tex/generic/pgf/basiclayer/pgfcoreimage.code.tex
File: pgfcoreimage.code.tex 2013/07/15  (rcs-revision 1.18)

(d:/texlive/2015/texmf-dist/tex/generic/pgf/basiclayer/pgfcoreexternal.code.tex
File: pgfcoreexternal.code.tex 2013/07/15  (rcs-revision 1.20)
\pgfexternal@startupbox=\box66
))
(d:/texlive/2015/texmf-dist/tex/generic/pgf/basiclayer/pgfcorelayers.code.tex
File: pgfcorelayers.code.tex 2013/07/18  (rcs-revision 1.7)
)
(d:/texlive/2015/texmf-dist/tex/generic/pgf/basiclayer/pgfcoretransparency.code
.tex
File: pgfcoretransparency.code.tex 2013/09/30  (rcs-revision 1.5)
)
(d:/texlive/2015/texmf-dist/tex/generic/pgf/basiclayer/pgfcorepatterns.code.tex
File: pgfcorepatterns.code.tex 2013/11/07  (rcs-revision 1.5)
)))
(d:/texlive/2015/texmf-dist/tex/generic/pgf/modules/pgfmoduleshapes.code.tex
File: pgfmoduleshapes.code.tex 2013/10/31  (rcs-revision 1.34)
\pgfnodeparttextbox=\box67
)
(d:/texlive/2015/texmf-dist/tex/generic/pgf/modules/pgfmoduleplot.code.tex
File: pgfmoduleplot.code.tex 2013/07/31  (rcs-revision 1.12)
)
(d:/texlive/2015/texmf-dist/tex/latex/pgf/compatibility/pgfcomp-version-0-65.st
y
Package: pgfcomp-version-0-65 2007/07/03 v3.0.0 (rcs-revision 1.7)
\pgf@nodesepstart=\dimen202
\pgf@nodesepend=\dimen203
)
(d:/texlive/2015/texmf-dist/tex/latex/pgf/compatibility/pgfcomp-version-1-18.st
y
Package: pgfcomp-version-1-18 2007/07/23 v3.0.0 (rcs-revision 1.1)
)) (d:/texlive/2015/texmf-dist/tex/latex/pgf/utilities/pgffor.sty
(d:/texlive/2015/texmf-dist/tex/latex/pgf/utilities/pgfkeys.sty
(d:/texlive/2015/texmf-dist/tex/generic/pgf/utilities/pgfkeys.code.tex))
(d:/texlive/2015/texmf-dist/tex/latex/pgf/math/pgfmath.sty
(d:/texlive/2015/texmf-dist/tex/generic/pgf/math/pgfmath.code.tex))
(d:/texlive/2015/texmf-dist/tex/generic/pgf/utilities/pgffor.code.tex
Package: pgffor 2013/12/13 v3.0.0 (rcs-revision 1.25)

(d:/texlive/2015/texmf-dist/tex/generic/pgf/math/pgfmath.code.tex)
\pgffor@iter=\dimen204
\pgffor@skip=\dimen205
\pgffor@stack=\toks37
\pgffor@toks=\toks38
))
(d:/texlive/2015/texmf-dist/tex/generic/pgf/frontendlayer/tikz/tikz.code.tex
Package: tikz 2013/12/13 v3.0.0 (rcs-revision 1.142)

(d:/texlive/2015/texmf-dist/tex/generic/pgf/libraries/pgflibraryplothandlers.co
de.tex
File: pgflibraryplothandlers.code.tex 2013/08/31 v3.0.0 (rcs-revision 1.20)
\pgf@plot@mark@count=\count161
\pgfplotmarksize=\dimen206
)
\tikz@lastx=\dimen207
\tikz@lasty=\dimen208
\tikz@lastxsaved=\dimen209
\tikz@lastysaved=\dimen210
\tikzleveldistance=\dimen211
\tikzsiblingdistance=\dimen212
\tikz@figbox=\box68
\tikz@figbox@bg=\box69
\tikz@tempbox=\box70
\tikz@tempbox@bg=\box71
\tikztreelevel=\count162
\tikznumberofchildren=\count163
\tikznumberofcurrentchild=\count164
\tikz@fig@count=\count165

(d:/texlive/2015/texmf-dist/tex/generic/pgf/modules/pgfmodulematrix.code.tex
File: pgfmodulematrix.code.tex 2013/09/17  (rcs-revision 1.8)
\pgfmatrixcurrentrow=\count166
\pgfmatrixcurrentcolumn=\count167
\pgf@matrix@numberofcolumns=\count168
)
\tikz@expandcount=\count169

(d:/texlive/2015/texmf-dist/tex/generic/pgf/frontendlayer/tikz/libraries/tikzli
brarytopaths.code.tex
File: tikzlibrarytopaths.code.tex 2008/06/17 v3.0.0 (rcs-revision 1.2)
)))
(d:/texlive/2015/texmf-dist/tex/latex/listings/listings.sty
\lst@mode=\count170
\lst@gtempboxa=\box72
\lst@token=\toks39
\lst@length=\count171
\lst@currlwidth=\dimen213
\lst@column=\count172
\lst@pos=\count173
\lst@lostspace=\dimen214
\lst@width=\dimen215
\lst@newlines=\count174
\lst@lineno=\count175
\lst@maxwidth=\dimen216

(d:/texlive/2015/texmf-dist/tex/latex/listings/lstmisc.sty
File: lstmisc.sty 2014/09/06 1.5e (Carsten Heinz)
\c@lstnumber=\count176
\lst@skipnumbers=\count177
\lst@framebox=\box73
)
(d:/texlive/2015/texmf-dist/tex/latex/listings/listings.cfg
File: listings.cfg 2014/09/06 1.5e listings configuration
))
Package: listings 2014/09/06 1.5e (Carsten Heinz)

(d:/texlive/2015/texmf-dist/tex/latex/etoolbox/etoolbox.sty
Package: etoolbox 2015/05/04 v2.2 e-TeX tools for LaTeX (JAW)
\etb@tempcnta=\count178
)
(d:/texlive/2015/texmf-dist/tex/latex/amsfonts/amsfonts.sty
Package: amsfonts 2013/01/14 v3.01 Basic AMSFonts support
\symAMSa=\mathgroup4
\symAMSb=\mathgroup5
LaTeX Font Info:    Overwriting math alphabet `\mathfrak' in version `bold'
(Font)                  U/euf/m/n --> U/euf/b/n on input line 106.
) (./captcha.aux)
\openout1 = `captcha.aux'.

LaTeX Font Info:    Checking defaults for OML/cmm/m/it on input line 77.
LaTeX Font Info:    ... okay on input line 77.
LaTeX Font Info:    Checking defaults for T1/cmr/m/n on input line 77.
LaTeX Font Info:    ... okay on input line 77.
LaTeX Font Info:    Checking defaults for OT1/cmr/m/n on input line 77.
LaTeX Font Info:    ... okay on input line 77.
LaTeX Font Info:    Checking defaults for OMS/cmsy/m/n on input line 77.
LaTeX Font Info:    ... okay on input line 77.
LaTeX Font Info:    Checking defaults for OMX/cmex/m/n on input line 77.
LaTeX Font Info:    ... okay on input line 77.
LaTeX Font Info:    Checking defaults for U/cmr/m/n on input line 77.
LaTeX Font Info:    ... okay on input line 77.
LaTeX Font Info:    Checking defaults for PD1/pdf/m/n on input line 77.
LaTeX Font Info:    ... okay on input line 77.

(d:/texlive/2015/texmf-dist/tex/context/base/supp-pdf.mkii
[Loading MPS to PDF converter (version 2006.09.02).]
\scratchcounter=\count179
\scratchdimen=\dimen217
\scratchbox=\box74
\nofMPsegments=\count180
\nofMParguments=\count181
\everyMPshowfont=\toks40
\MPscratchCnt=\count182
\MPscratchDim=\dimen218
\MPnumerator=\count183
\makeMPintoPDFobject=\count184
\everyMPtoPDFconversion=\toks41
) (d:/texlive/2015/texmf-dist/tex/latex/oberdiek/epstopdf-base.sty
Package: epstopdf-base 2010/02/09 v2.5 Base part for package epstopdf

(d:/texlive/2015/texmf-dist/tex/latex/oberdiek/grfext.sty
Package: grfext 2010/08/19 v1.1 Manage graphics extensions (HO)
)
Package grfext Info: Graphics extension search list:
(grfext)             [.png,.pdf,.jpg,.mps,.jpeg,.jbig2,.jb2,.PNG,.PDF,.JPG,.JPE
G,.JBIG2,.JB2,.eps]
(grfext)             \AppendGraphicsExtensions on input line 452.

(d:/texlive/2015/texmf-dist/tex/latex/latexconfig/epstopdf-sys.cfg
File: epstopdf-sys.cfg 2010/07/13 v1.3 Configuration of (r)epstopdf for TeX Liv
e
))
\AtBeginShipoutBox=\box75
Package hyperref Info: Link coloring ON on input line 77.

(d:/texlive/2015/texmf-dist/tex/latex/hyperref/nameref.sty
Package: nameref 2012/10/27 v2.43 Cross-referencing by name of section

(d:/texlive/2015/texmf-dist/tex/generic/oberdiek/gettitlestring.sty
Package: gettitlestring 2010/12/03 v1.4 Cleanup title references (HO)
)
\c@section@level=\count185
)
LaTeX Info: Redefining \ref on input line 77.
LaTeX Info: Redefining \pageref on input line 77.
LaTeX Info: Redefining \nameref on input line 77.

(./captcha.out) (./captcha.out)
\@outlinefile=\write4
\openout4 = `captcha.out'.

 ABD: EveryShipout initializing macros
\c@lstlisting=\count186

** ATTENTION: Overriding command lockouts (line 94).
(./introduction.tex) (./background.tex
<fig/prior_captcha11.png, id=100, 199.74625pt x 78.2925pt>
File: fig/prior_captcha11.png Graphic file (type png)

<use fig/prior_captcha11.png>
Package pdftex.def Info: fig/prior_captcha11.png used on input line 8.
(pdftex.def)             Requested size: 104.81834pt x 41.08505pt.

Underfull \hbox (badness 10000) in paragraph at lines 8--8

 []

<fig/prior_captcha1.png, id=102, 211.79124pt x 90.83937pt>
File: fig/prior_captcha1.png Graphic file (type png)

<use fig/prior_captcha1.png>
Package pdftex.def Info: fig/prior_captcha1.png used on input line 15.
(pdftex.def)             Requested size: 104.81834pt x 44.9566pt.

Underfull \hbox (badness 10000) in paragraph at lines 15--15

 []

<fig/prior_captcha3.png, id=103, 145.54375pt x 40.15pt>
File: fig/prior_captcha3.png Graphic file (type png)

<use fig/prior_captcha3.png>
Package pdftex.def Info: fig/prior_captcha3.png used on input line 22.
(pdftex.def)             Requested size: 104.81834pt x 28.91592pt.

Underfull \hbox (badness 10000) in paragraph at lines 22--22

 []

<fig/prior_captcha4.png, id=104, 258.46562pt x 69.25874pt>
File: fig/prior_captcha4.png Graphic file (type png)

<use fig/prior_captcha4.png>
Package pdftex.def Info: fig/prior_captcha4.png used on input line 29.
(pdftex.def)             Requested size: 104.81834pt x 28.08768pt.

Underfull \hbox (badness 10000) in paragraph at lines 29--29

 []

<fig/prior_captcha7.png, id=105, 276.53313pt x 90.83937pt>
File: fig/prior_captcha7.png Graphic file (type png)

<use fig/prior_captcha7.png>
Package pdftex.def Info: fig/prior_captcha7.png used on input line 36.
(pdftex.def)             Requested size: 104.81834pt x 34.43199pt.

Underfull \hbox (badness 10000) in paragraph at lines 36--36

 []

<fig/prior_captcha8.png, id=106, 276.53313pt x 90.83937pt>
File: fig/prior_captcha8.png Graphic file (type png)

<use fig/prior_captcha8.png>
Package pdftex.def Info: fig/prior_captcha8.png used on input line 43.
(pdftex.def)             Requested size: 104.81834pt x 34.43199pt.

Underfull \hbox (badness 10000) in paragraph at lines 43--43

 []

<fig/prior_captcha9.png, id=107, 276.53313pt x 90.83937pt>
File: fig/prior_captcha9.png Graphic file (type png)

<use fig/prior_captcha9.png>
Package pdftex.def Info: fig/prior_captcha9.png used on input line 50.
(pdftex.def)             Requested size: 104.81834pt x 34.43199pt.

Underfull \hbox (badness 10000) in paragraph at lines 50--50

 []

<fig/prior_captcha10.png, id=108, 370.88562pt x 122.4575pt>
File: fig/prior_captcha10.png Graphic file (type png)

<use fig/prior_captcha10.png>
Package pdftex.def Info: fig/prior_captcha10.png used on input line 57.
(pdftex.def)             Requested size: 104.81834pt x 34.60738pt.

Underfull \hbox (badness 10000) in paragraph at lines 57--57

 []

<fig/prior_captcha11.jpg, id=109, 100.375pt x 40.15pt>
File: fig/prior_captcha11.jpg Graphic file (type jpg)

<use fig/prior_captcha11.jpg>
Package pdftex.def Info: fig/prior_captcha11.jpg used on input line 69.
(pdftex.def)             Requested size: 104.81834pt x 41.9302pt.

Underfull \hbox (badness 10000) in paragraph at lines 69--69

 []

<fig/prior_captcha12.jpg, id=110, 100.375pt x 40.15pt>
File: fig/prior_captcha12.jpg Graphic file (type jpg)

<use fig/prior_captcha12.jpg>
Package pdftex.def Info: fig/prior_captcha12.jpg used on input line 76.
(pdftex.def)             Requested size: 104.81834pt x 41.9302pt.

Underfull \hbox (badness 10000) in paragraph at lines 76--76

 []

<fig/prior_captcha13.jpg, id=111, 61.22874pt x 24.59187pt>
File: fig/prior_captcha13.jpg Graphic file (type jpg)

<use fig/prior_captcha13.jpg>
Package pdftex.def Info: fig/prior_captcha13.jpg used on input line 83.
(pdftex.def)             Requested size: 104.81834pt x 42.10016pt.

Underfull \hbox (badness 10000) in paragraph at lines 83--83

 []

<fig/prior_captcha14.jpg, id=112, 120.45pt x 40.15pt>
File: fig/prior_captcha14.jpg Graphic file (type jpg)

<use fig/prior_captcha14.jpg>
Package pdftex.def Info: fig/prior_captcha14.jpg used on input line 90.
(pdftex.def)             Requested size: 104.81834pt x 34.94061pt.

Underfull \hbox (badness 10000) in paragraph at lines 90--90

 []


Overfull \hbox (7.00012pt too wide) in paragraph at lines 8--96
 [][] 
 []


Overfull \hbox (7.00012pt too wide) in paragraph at lines 8--96
 [][] 
 []

LaTeX Font Info:    Try loading font information for U+msa on input line 99.
(d:/texlive/2015/texmf-dist/tex/latex/amsfonts/umsa.fd
File: umsa.fd 2013/01/14 v3.01 AMS symbols A
)
LaTeX Font Info:    Try loading font information for U+msb on input line 99.

(d:/texlive/2015/texmf-dist/tex/latex/amsfonts/umsb.fd
File: umsb.fd 2013/01/14 v3.01 AMS symbols B
) [1{d:/texlive/2015/texmf-var/fonts/map/pdftex/updmap/pdftex.map}


]
<fig/overview.pdf, id=148, 1098.60915pt x 325.14473pt>
File: fig/overview.pdf Graphic file (type pdf)
 <use fig/overview.pdf>
Package pdftex.def Info: fig/overview.pdf used on input line 119.
(pdftex.def)             Requested size: 471.68657pt x 139.60112pt.

[2]
Underfull \vbox (badness 10000) has occurred while \output is active []


Overfull \hbox (9.06659pt too wide) in paragraph at lines 153--161
 [][] 
 []

[3 <./fig/prior_captcha11.png> <./fig/prior_captcha1.png> <./fig/prior_captcha3
.png> <./fig/prior_captcha4.png> <./fig/prior_captcha7.png> <./fig/prior_captch
a8.png> <./fig/prior_captcha9.png> <./fig/prior_captcha10.png> <./fig/prior_cap
tcha11.jpg (PNG copy)> <./fig/prior_captcha12.jpg (PNG copy)> <./fig/prior_capt
cha13.jpg> <./fig/prior_captcha14.jpg (PNG copy)> <./fig/overview.pdf>])
(./generator.tex
LaTeX Font Info:    Try loading font information for OMS+ptm on input line 20.
 (d:/texlive/2015/texmf-dist/tex/latex/psnfss/omsptm.fd
File: omsptm.fd 
)
LaTeX Font Info:    Font shape `OMS/ptm/m/n' in size <10> not available
(Font)              Font shape `OMS/cmsy/m/n' tried instead on input line 20.
)
(./overview.tex <fig/fill_color.pdf, id=277, 647.68935pt x 79.72083pt>
File: fig/fill_color.pdf Graphic file (type pdf)

<use fig/fill_color.pdf>
Package pdftex.def Info: fig/fill_color.pdf used on input line 7.
(pdftex.def)             Requested size: 262.04987pt x 32.2539pt.

Overfull \hbox (9.0pt too wide) in paragraph at lines 7--8
 [][] 
 []

[4 <./fig/fill_color.pdf>]) (./details.tex
Package hyperref Info: bookmark level for unknown algorithm defaults to 0 on in
put line 3.
 [5]
<fig/cnn_model.pdf, id=344, 543.05687pt x 164.74951pt>
File: fig/cnn_model.pdf Graphic file (type pdf)
 <use fig/cnn_model.pdf>
Package pdftex.def Info: fig/cnn_model.pdf used on input line 64.
(pdftex.def)             Requested size: 235.84328pt x 71.5498pt.
) (./experimental_setup.tex
<fig/experiment_captchas/baidu1.jpg, id=350, 100.375pt x 40.15pt>
File: fig/experiment_captchas/baidu1.jpg Graphic file (type jpg)

<use fig/experiment_captchas/baidu1.jpg>
Package pdftex.def Info: fig/experiment_captchas/baidu1.jpg used on input line 
25.
(pdftex.def)             Requested size: 52.41316pt x 20.96571pt.

<fig/experiment_captchas/baidu2.jpg, id=351, 100.375pt x 40.15pt>
File: fig/experiment_captchas/baidu2.jpg Graphic file (type jpg)

<use fig/experiment_captchas/baidu2.jpg>
Package pdftex.def Info: fig/experiment_captchas/baidu2.jpg used on input line 
25.
(pdftex.def)             Requested size: 52.41316pt x 20.96571pt.

<fig/experiment_captchas/alipay1.jpg, id=352, 100.375pt x 30.1125pt>
File: fig/experiment_captchas/alipay1.jpg Graphic file (type jpg)

<use fig/experiment_captchas/alipay1.jpg>
Package pdftex.def Info: fig/experiment_captchas/alipay1.jpg used on input line
 27.
(pdftex.def)             Requested size: 52.41316pt x 15.72427pt.

<fig/experiment_captchas/alipay2.jpg, id=353, 100.375pt x 30.1125pt>
File: fig/experiment_captchas/alipay2.jpg Graphic file (type jpg)

<use fig/experiment_captchas/alipay2.jpg>
Package pdftex.def Info: fig/experiment_captchas/alipay2.jpg used on input line
 27.
(pdftex.def)             Requested size: 52.41316pt x 15.72427pt.

<fig/experiment_captchas/netease1.jpg, id=354, 120.45pt x 50.1875pt>
File: fig/experiment_captchas/netease1.jpg Graphic file (type jpg)

<use fig/experiment_captchas/netease1.jpg>
Package pdftex.def Info: fig/experiment_captchas/netease1.jpg used on input lin
e 29.
(pdftex.def)             Requested size: 52.41316pt x 21.83827pt.

<fig/experiment_captchas/netease2.jpg, id=355, 120.45pt x 50.1875pt>
File: fig/experiment_captchas/netease2.jpg Graphic file (type jpg)

<use fig/experiment_captchas/netease2.jpg>
Package pdftex.def Info: fig/experiment_captchas/netease2.jpg used on input lin
e 29.
(pdftex.def)             Requested size: 52.41316pt x 21.83827pt.

<fig/experiment_captchas/vipshop1.jpg, id=356, 120.45pt x 40.15pt>
File: fig/experiment_captchas/vipshop1.jpg Graphic file (type jpg)

<use fig/experiment_captchas/vipshop1.jpg>
Package pdftex.def Info: fig/experiment_captchas/vipshop1.jpg used on input lin
e 31.
(pdftex.def)             Requested size: 52.41316pt x 17.47061pt.

<fig/experiment_captchas/vipshop2.jpg, id=357, 120.45pt x 40.15pt>
File: fig/experiment_captchas/vipshop2.jpg Graphic file (type jpg)

<use fig/experiment_captchas/vipshop2.jpg>
Package pdftex.def Info: fig/experiment_captchas/vipshop2.jpg used on input lin
e 31.
(pdftex.def)             Requested size: 52.41316pt x 17.47061pt.

<fig/experiment_captchas/tuniu1.jpg, id=358, 80.3pt x 30.1125pt>
File: fig/experiment_captchas/tuniu1.jpg Graphic file (type jpg)

<use fig/experiment_captchas/tuniu1.jpg>
Package pdftex.def Info: fig/experiment_captchas/tuniu1.jpg used on input line 
33.
(pdftex.def)             Requested size: 52.41316pt x 19.65558pt.

<fig/experiment_captchas/tuniu2.jpg, id=359, 80.3pt x 30.1125pt>
File: fig/experiment_captchas/tuniu2.jpg Graphic file (type jpg)

<use fig/experiment_captchas/tuniu2.jpg>
Package pdftex.def Info: fig/experiment_captchas/tuniu2.jpg used on input line 
33.
(pdftex.def)             Requested size: 52.41316pt x 19.65558pt.
) (./results.tex [6 <./fig/cnn_model.pdf>]) (./related.tex
Underfull \hbox (badness 1394) in paragraph at lines 3--4
[]\OT1/ptm/m/n/10 The Au-to-mated Tur-ing Tests were first pro-posed by
 []

)
Underfull \hbox (badness 2837) in paragraph at lines 157--158
[]\OT1/ptm/m/n/10 We would like to thank all par-tic-i-pants who help
 []


Underfull \hbox (badness 2005) in paragraph at lines 157--158
\OT1/ptm/m/n/10 their time and in-sights as well as the anony-mous re-
 []


Underfull \hbox (badness 3407) in paragraph at lines 157--158
\OT1/ptm/m/n/10 work was sup-ported by NSFC (Grant No. 61672427)
 []


Underfull \hbox (badness 5893) in paragraph at lines 157--158
\OT1/ptm/m/n/10 and the UK En-gi-neer-ing and Phys-i-cal Sci-ences Re-
 []

(./captcha.bbl
Underfull \hbox (badness 1616) in paragraph at lines 35--38
\OT1/ptm/m/n/10 Mitchell, and J. Dan, ``Easy does it: more us-able
 []


Underfull \hbox (badness 2951) in paragraph at lines 50--52
\OT1/ptm/m/n/10 con-di-tional ad-ver-sar-ial net-works,'' [][]$https : / / gith
ub . com /
 []

Missing character: There is no ¡ in font ptmr7t!
Missing character: There is no ¯ in font ptmr7t!

Underfull \hbox (badness 2469) in paragraph at lines 79--82
[]\OT1/ptm/m/n/10 Y. Le-cun, L. Bot-tou, Y. Ben-gio, and P. Haffner,
 []

[7 <./fig/experiment_captchas/baidu1.jpg (PNG copy)> <./fig/experiment_captchas
/baidu2.jpg (PNG copy)> <./fig/experiment_captchas/alipay1.jpg> <./fig/experime
nt_captchas/alipay2.jpg> <./fig/experiment_captchas/netease1.jpg> <./fig/experi
ment_captchas/netease2.jpg> <./fig/experiment_captchas/vipshop1.jpg (PNG copy)>
 <./fig/experiment_captchas/vipshop2.jpg (PNG copy)> <./fig/experiment_captchas
/tuniu1.jpg> <./fig/experiment_captchas/tuniu2.jpg>])

** Conference Paper **
Before submitting the final camera ready copy, remember to:

 1. Manually equalize the lengths of two columns on the last page
 of your paper;

 2. Ensure that any PostScript and/or PDF output post-processing
 uses only Type 1 fonts and that every step in the generation
 process uses the appropriate paper size.


Overfull \vbox (1.63245pt too high) has occurred while \output is active []


[8]
Package atveryend Info: Empty hook `BeforeClearDocument' on input line 165.
Package atveryend Info: Empty hook `AfterLastShipout' on input line 165.
 (./captcha.aux)
Package atveryend Info: Executing hook `AtVeryEndDocument' on input line 165.
Package atveryend Info: Executing hook `AtEndAfterFileList' on input line 165.
Package rerunfilecheck Info: File `captcha.out' has not changed.
(rerunfilecheck)             Checksum: B1D361D5057B0343FB6728E677D93713;1223.
Package atveryend Info: Empty hook `AtVeryVeryEnd' on input line 165.
 ) 
Here is how much of TeX's memory you used:
 20655 strings out of 493089
 367403 string characters out of 6138425
 486429 words of memory out of 5000000
 23567 multiletter control sequences out of 15000+600000
 47048 words of font info for 96 fonts, out of 8000000 for 9000
 1144 hyphenation exceptions out of 8191
 55i,15n,54p,1541b,727s stack positions out of 5000i,500n,10000p,200000b,80000s
pdfTeX warning (dest): name{Hfootnote.4} has been referenced but does not exi
st, replaced by a fixed one

pdfTeX warning (dest): name{Hfootnote.3} has been referenced but does not exist
, replaced by a fixed one

pdfTeX warning (dest): name{Hfootnote.2} has been referenced but does not exist
, replaced by a fixed one

pdfTeX warning (dest): name{Hfootnote.1} has been referenced but does not exist
, replaced by a fixed one

{d:/texlive/2015/texmf-dist/fonts/enc/dvips/base/8r.enc}<d:/texlive/2015/texmf-
dist/fonts/type1/public/amsfonts/cm/cmmi10.pfb><d:/texlive/2015/texmf-dist/font
s/type1/public/amsfonts/cm/cmmi5.pfb><d:/texlive/2015/texmf-dist/fonts/type1/pu
blic/amsfonts/cm/cmmi7.pfb><d:/texlive/2015/texmf-dist/fonts/type1/public/amsfo
nts/cm/cmr10.pfb><d:/texlive/2015/texmf-dist/fonts/type1/public/amsfonts/cm/cmr
7.pfb><d:/texlive/2015/texmf-dist/fonts/type1/public/amsfonts/cm/cmsy10.pfb><d:
/texlive/2015/texmf-dist/fonts/type1/public/amsfonts/symbols/msbm10.pfb><d:/tex
live/2015/texmf-dist/fonts/type1/urw/times/utmb8a.pfb><d:/texlive/2015/texmf-di
st/fonts/type1/urw/times/utmbi8a.pfb><d:/texlive/2015/texmf-dist/fonts/type1/ur
w/times/utmr8a.pfb><d:/texlive/2015/texmf-dist/fonts/type1/urw/times/utmri8a.pf
b>
Output written on captcha.pdf (8 pages, 2141423 bytes).
PDF statistics:
 469 PDF objects out of 1000 (max. 8388607)
 367 compressed objects within 4 object streams
 99 named destinations out of 1000 (max. 500000)
 290 words of extra memory for PDF output out of 10000 (max. 10000000)

