\BOOKMARK [1][-]{section.1}{Introduction}{}% 1
\BOOKMARK [1][-]{section.2}{Background}{}% 2
\BOOKMARK [2][-]{subsection.2.1}{Text-based Captchas}{section.2}% 3
\BOOKMARK [3][-]{subsubsection.2.1.1}{Captcha Security Features}{subsection.2.1}% 4
\BOOKMARK [3][-]{subsubsection.2.1.2}{Previous Captcha Scheme}{subsection.2.1}% 5
\BOOKMARK [3][-]{subsubsection.2.1.3}{Current Captcha Scheme}{subsection.2.1}% 6
\BOOKMARK [2][-]{subsection.2.2}{Generative Adversarial Networks}{section.2}% 7
\BOOKMARK [1][-]{section.3}{Captcha Generator}{}% 8
\BOOKMARK [1][-]{section.4}{Overview}{}% 9
\BOOKMARK [1][-]{section.5}{Implementation Details}{}% 10
\BOOKMARK [2][-]{subsection.5.1}{Captcha Preprocessing}{section.5}% 11
\BOOKMARK [2][-]{subsection.5.2}{Generate Regular Captcha}{section.5}% 12
\BOOKMARK [2][-]{subsection.5.3}{Identify Captcha}{section.5}% 13
\BOOKMARK [1][-]{section.6}{Experimental Setup}{}% 14
\BOOKMARK [2][-]{subsection.6.1}{Data Preparation and Collection}{section.6}% 15
\BOOKMARK [2][-]{subsection.6.2}{Captchas Show}{section.6}% 16
\BOOKMARK [1][-]{section.7}{Experimental Results}{}% 17
\BOOKMARK [2][-]{subsection.7.1}{Overall Success Rate}{section.7}% 18
\BOOKMARK [3][-]{subsubsection.7.1.1}{Evaluation using current text-based Captchas}{subsection.7.1}% 19
\BOOKMARK [3][-]{subsubsection.7.1.2}{Evaluating using Previous text-based Captchas}{subsection.7.1}% 20
\BOOKMARK [2][-]{subsection.7.2}{Impact of the number of training data}{section.7}% 21
\BOOKMARK [2][-]{subsection.7.3}{Impact of Security Features}{section.7}% 22
\BOOKMARK [1][-]{section.8}{Related Work}{}% 23
